Thu 04 May 2023 04:09:49 AM UTC: 
 tests:  0|5
total_score: 0/70
c3b16a0
Thu 04 May 2023 02:03:50 PM UTC: 
 sudoku.c | 16 ++++++++++++++++
 1 file changed, 16 insertions(+)
In file included from test.c:5:
sudoku.c: In function ‘get_adj_nodes’:
sudoku.c:61:14: error: expected ‘(’ before ‘n’
   61 |           if n->sudo[i][j] == 0{
      |              ^
      |              (
sudoku.c:61:24: error: statement with no effect [-Werror=unused-value]
   61 |           if n->sudo[i][j] == 0{
      |              ~~~~~~~~~~^~~
sudoku.c:55:7: error: unused variable ‘cont’ [-Werror=unused-variable]
   55 |   int cont = 1;
      |       ^~~~
cc1: all warnings being treated as errors
Compilation failed
ce8229b
Thu 04 May 2023 02:04:12 PM UTC: 
 sudoku.c | 2 +-
 1 file changed, 1 insertion(+), 1 deletion(-)
In file included from test.c:5:
sudoku.c: In function ‘get_adj_nodes’:
sudoku.c:61:30: error: expected expression before ‘==’ token
   61 |           if (n->sudo[i][j]) == 0{
      |                              ^~
sudoku.c:55:7: error: unused variable ‘cont’ [-Werror=unused-variable]
   55 |   int cont = 1;
      |       ^~~~
cc1: all warnings being treated as errors
Compilation failed
de157cf
Thu 04 May 2023 02:04:29 PM UTC: 
 sudoku.c | 2 +-
 1 file changed, 1 insertion(+), 1 deletion(-)
In file included from test.c:5:
sudoku.c: In function ‘get_adj_nodes’:
sudoku.c:64:34: error: invalid use of incomplete typedef ‘List’
   64 |               if (cont == 1) list->first = n;
      |                                  ^~
Compilation failed
c270522
Thu 04 May 2023 02:05:55 PM UTC: 
 sudoku.c | 2 +-
 1 file changed, 1 insertion(+), 1 deletion(-)
In file included from test.c:5:
sudoku.c: In function ‘get_adj_nodes’:
sudoku.c:55:7: error: unused variable ‘cont’ [-Werror=unused-variable]
   55 |   int cont = 1;
      |       ^~~~
cc1: all warnings being treated as errors
Compilation failed
ad63ac5
Thu 04 May 2023 02:06:10 PM UTC: 
 sudoku.c | 2 +-
 1 file changed, 1 insertion(+), 1 deletion(-)
 tests:  0|5
total_score: 0/70
519261c
Thu 04 May 2023 02:07:00 PM UTC: 
 sudoku.c | 4 ++--
 1 file changed, 2 insertions(+), 2 deletions(-)
In file included from test.c:5:
sudoku.c: In function ‘get_adj_nodes’:
sudoku.c:64:34: error: invalid use of incomplete typedef ‘List’
   64 |               if (cont == 1) list->first = copy(n);
      |                                  ^~
Compilation failed
ee0129a
Thu 04 May 2023 02:40:38 PM UTC: 
 sudoku.c | 2 +-
 1 file changed, 1 insertion(+), 1 deletion(-)
In file included from test.c:5:
sudoku.c: In function ‘get_adj_nodes’:
sudoku.c:64:34: error: invalid use of incomplete typedef ‘List’
   64 |               if (cont == 1) list->first = n;
      |                                  ^~
Compilation failed
2011763
Thu 04 May 2023 03:13:45 PM UTC: 
 sudoku.c | 8 +++++---
 1 file changed, 5 insertions(+), 3 deletions(-)
In file included from test.c:5:
sudoku.c: In function ‘get_adj_nodes’:
sudoku.c:57:3: error: expected ‘,’ or ‘;’ before ‘for’
   57 |   for(int i = 0 ; i < 9 ; i++)
      |   ^~~
sudoku.c:57:19: error: ‘i’ undeclared (first use in this function)
   57 |   for(int i = 0 ; i < 9 ; i++)
      |                   ^
sudoku.c:57:19: note: each undeclared identifier is reported only once for each function it appears in
sudoku.c:57:30: error: expected ‘;’ before ‘)’ token
   57 |   for(int i = 0 ; i < 9 ; i++)
      |                              ^
      |                              ;
sudoku.c:57:30: error: expected statement before ‘)’ token
sudoku.c:65:15: error: implicit declaration of function ‘pushback’; did you mean ‘pushBack’? [-Werror=implicit-function-declaration]
   65 |               pushback(list, nuevoNodo);
      |               ^~~~~~~~
      |               pushBack
sudoku.c:55:7: error: unused variable ‘cont’ [-Werror=unused-variable]
   55 |   int cont = 1
      |       ^~~~
cc1: all warnings being treated as errors
Compilation failed
758cc07
Thu 04 May 2023 03:14:02 PM UTC: 
 sudoku.c | 1 -
 1 file changed, 1 deletion(-)
In file included from test.c:5:
sudoku.c: In function ‘get_adj_nodes’:
sudoku.c:64:15: error: implicit declaration of function ‘pushback’; did you mean ‘pushBack’? [-Werror=implicit-function-declaration]
   64 |               pushback(list, nuevoNodo);
      |               ^~~~~~~~
      |               pushBack
cc1: all warnings being treated as errors
Compilation failed
757a921
Thu 04 May 2023 03:14:15 PM UTC: 
 sudoku.c | 2 +-
 1 file changed, 1 insertion(+), 1 deletion(-)
 tests:  2|4
total_score: 15/70
8b4c4ba
Thu 04 May 2023 04:09:12 PM UTC: 
 sudoku.c | 22 ++++++++++++++++++++++
 1 file changed, 22 insertions(+)
In file included from test.c:5:
sudoku.c: In function ‘is_valid’:
sudoku.c:62:13: error: ‘k’ undeclared (first use in this function)
   62 |       for ( k = 0 ; k < 9 ; k++){
      |             ^
sudoku.c:62:13: note: each undeclared identifier is reported only once for each function it appears in
Compilation failed
0705f7c
Thu 04 May 2023 04:09:35 PM UTC: 
 sudoku.c | 2 +-
 1 file changed, 1 insertion(+), 1 deletion(-)
 tests:  2|4
total_score: 15/70
dfad2a8
Thu 04 May 2023 04:15:11 PM UTC: 
 sudoku.c | 2 +-
 1 file changed, 1 insertion(+), 1 deletion(-)
In file included from test.c:5:
sudoku.c: In function ‘is_valid’:
sudoku.c:58:16: error: unused variable ‘numero’ [-Werror=unused-variable]
   58 |   int i, j, k, numero;
      |                ^~~~~~
cc1: all warnings being treated as errors
Compilation failed
ac26ae8
Thu 04 May 2023 04:15:24 PM UTC: 
 sudoku.c | 2 +-
 1 file changed, 1 insertion(+), 1 deletion(-)
In file included from test.c:5:
sudoku.c: In function ‘is_valid’:
sudoku.c:60:3: error: expected ‘=’, ‘,’, ‘;’, ‘asm’ or ‘__attribute__’ before ‘for’
   60 |   for (i = 1 ; i < 10 ;i++){
      |   ^~~
sudoku.c:60:18: error: statement with no effect [-Werror=unused-value]
   60 |   for (i = 1 ; i < 10 ;i++){
      |                ~~^~~~
sudoku.c:60:27: error: expected ‘;’ before ‘)’ token
   60 |   for (i = 1 ; i < 10 ;i++){
      |                           ^
      |                           ;
sudoku.c:60:27: error: expected statement before ‘)’ token
sudoku.c:62:13: error: ‘k’ undeclared (first use in this function)
   62 |       for ( k = 0 ; k < 9 ; k++){
      |             ^
sudoku.c:62:13: note: each undeclared identifier is reported only once for each function it appears in
cc1: all warnings being treated as errors
Compilation failed
f3d0108
Thu 04 May 2023 04:15:35 PM UTC: 
 sudoku.c | 2 +-
 1 file changed, 1 insertion(+), 1 deletion(-)
 tests:  2|4
total_score: 15/70
0619db6
Thu 04 May 2023 04:24:46 PM UTC: 
 sudoku.c | 5 ++---
 1 file changed, 2 insertions(+), 3 deletions(-)
In file included from test.c:5:
sudoku.c: In function ‘is_valid’:
sudoku.c:62:11: error: ‘i’ may be used uninitialized in this function [-Werror=maybe-uninitialized]
   62 |         i = n->sudo[i][j];
      |         ~~^~~~~~~~~~~~~~~
cc1: all warnings being treated as errors
Compilation failed
725eed2
Thu 04 May 2023 04:25:24 PM UTC: 
 sudoku.c | 2 +-
 1 file changed, 1 insertion(+), 1 deletion(-)
 tests:  2|4
total_score: 15/70
98581f9
Thu 04 May 2023 04:31:00 PM UTC: 
 sudoku.c | 5 +++--
 1 file changed, 3 insertions(+), 2 deletions(-)
 tests:  2|4
total_score: 15/70
fcac33e
Thu 04 May 2023 04:35:35 PM UTC: 
 sudoku.c | 4 ++--
 1 file changed, 2 insertions(+), 2 deletions(-)
 tests:  2|4
total_score: 15/70
d1d8da7
Thu 04 May 2023 04:54:42 PM UTC: 
 sudoku.c | 10 ++++++++++
 1 file changed, 10 insertions(+)
In file included from test.c:5:
sudoku.c: In function ‘is_valid’:
sudoku.c:72:11: error: unused variable ‘j’ [-Werror=unused-variable]
   72 |       int j=3*(k%3) + (p%3) ;
      |           ^
sudoku.c:71:11: error: unused variable ‘i’ [-Werror=unused-variable]
   71 |       int i=3*(k/3) + (p/3) ;
      |           ^
cc1: all warnings being treated as errors
Compilation failed
ca9744c
Thu 04 May 2023 04:55:10 PM UTC: 
 sudoku.c | 4 ++--
 1 file changed, 2 insertions(+), 2 deletions(-)
 tests:  2|4
total_score: 15/70
65a58af
Thu 04 May 2023 04:57:40 PM UTC: 
 sudoku.c | 15 +++++----------
 1 file changed, 5 insertions(+), 10 deletions(-)
In file included from test.c:5:
sudoku.c: In function ‘is_valid’:
sudoku.c:57:27: error: expected expression before ‘{’ token
   57 |       arregloNumeros[9] = {0, 0, 0, 0, 0, 0, 0, 0, 0};
      |                           ^
Compilation failed
07f37f8
Thu 04 May 2023 05:06:25 PM UTC: 
 sudoku.c | 2 +-
 1 file changed, 1 insertion(+), 1 deletion(-)
In file included from test.c:5:
sudoku.c: In function ‘is_valid’:
sudoku.c:57:27: error: expected expression before ‘{’ token
   57 |       arregloNumeros[9] = {0, 0, 0, 0, 0, 0, 0, 0, 0};
      |                           ^
Compilation failed
01f890d
Thu 04 May 2023 05:09:11 PM UTC: 
 sudoku.c | 10 ++++++++--
 1 file changed, 8 insertions(+), 2 deletions(-)
In file included from test.c:5:
sudoku.c: In function ‘is_valid’:
sudoku.c:49:13: error: ‘k’ is used uninitialized [-Werror=uninitialized]
   49 |   int i, j, k;
      |             ^
cc1: all warnings being treated as errors
Compilation failed
d822ad5
Thu 04 May 2023 05:09:29 PM UTC: 
 sudoku.c | 2 +-
 1 file changed, 1 insertion(+), 1 deletion(-)
 tests:  2|4
total_score: 15/70
d3f64e3
Thu 04 May 2023 05:20:26 PM UTC: 
 sudoku.c | 38 +++++++++++++++-----------------------
 1 file changed, 15 insertions(+), 23 deletions(-)
In file included from test.c:5:
sudoku.c: In function ‘is_valid’:
sudoku.c:55:9: error: unused variable ‘columnas’ [-Werror=unused-variable]
   55 |     int columnas[10] = {0, 0, 0, 0, 0, 0, 0, 0, 0};
      |         ^~~~~~~~
sudoku.c:51:12: error: unused variable ‘mun’ [-Werror=unused-variable]
   51 |   int i,j, mun, num;
      |            ^~~
sudoku.c:48:7: error: unused variable ‘columnas’ [-Werror=unused-variable]
   48 |   int columnas[10] = {0, 0, 0, 0, 0, 0, 0, 0, 0};
      |       ^~~~~~~~
sudoku.c:47:7: error: unused variable ‘filas’ [-Werror=unused-variable]
   47 |   int filas[10] = {0, 0, 0, 0, 0, 0, 0, 0, 0};
      |       ^~~~~
cc1: all warnings being treated as errors
Compilation failed
87f77ef
Thu 04 May 2023 05:21:06 PM UTC: 
 sudoku.c | 2 +-
 1 file changed, 1 insertion(+), 1 deletion(-)
In file included from test.c:5:
sudoku.c: In function ‘is_valid’:
sudoku.c:55:9: error: unused variable ‘columnas’ [-Werror=unused-variable]
   55 |     int columnas[10] = {0, 0, 0, 0, 0, 0, 0, 0, 0};
      |         ^~~~~~~~
sudoku.c:48:7: error: unused variable ‘columnas’ [-Werror=unused-variable]
   48 |   int columnas[10] = {0, 0, 0, 0, 0, 0, 0, 0, 0};
      |       ^~~~~~~~
sudoku.c:47:7: error: unused variable ‘filas’ [-Werror=unused-variable]
   47 |   int filas[10] = {0, 0, 0, 0, 0, 0, 0, 0, 0};
      |       ^~~~~
cc1: all warnings being treated as errors
Compilation failed
2196870
Thu 04 May 2023 05:21:12 PM UTC: 
 sudoku.c | 2 +-
 1 file changed, 1 insertion(+), 1 deletion(-)
In file included from test.c:5:
sudoku.c: In function ‘is_valid’:
sudoku.c:48:7: error: unused variable ‘columnas’ [-Werror=unused-variable]
   48 |   int columnas[10] = {0, 0, 0, 0, 0, 0, 0, 0, 0};
      |       ^~~~~~~~
sudoku.c:47:7: error: unused variable ‘filas’ [-Werror=unused-variable]
   47 |   int filas[10] = {0, 0, 0, 0, 0, 0, 0, 0, 0};
      |       ^~~~~
cc1: all warnings being treated as errors
Compilation failed
162cd93
Thu 04 May 2023 05:21:21 PM UTC: 
 sudoku.c | 2 --
 1 file changed, 2 deletions(-)
 tests:  5|3
total_score: 35/70
3e3beb6
Thu 04 May 2023 05:28:11 PM UTC: 
 sudoku.c | 12 +++++++++---
 1 file changed, 9 insertions(+), 3 deletions(-)
test.c: In function ‘is_valid’:
test.c:245:5: error: ‘main’ is normally a non-static function [-Werror=main]
  245 | int main( int argc, char *argv[] ) {
      |     ^~~~
test.c:262:1: error: expected declaration or statement at end of input
  262 | }
      | ^
test.c:262:1: error: expected declaration or statement at end of input
test.c:263: error: control reaches end of non-void function [-Werror=return-type]
At top level:
test.c:245:5: error: ‘main’ defined but not used [-Werror=unused-function]
  245 | int main( int argc, char *argv[] ) {
      |     ^~~~
test.c:7:8: error: ‘_strdup’ defined but not used [-Werror=unused-function]
    7 | char * _strdup(const char * str) {
      |        ^~~~~~~
cc1: all warnings being treated as errors
Compilation failed
4a26941
Thu 04 May 2023 05:29:56 PM UTC: 
 sudoku.c | 2 ++
 1 file changed, 2 insertions(+)
test.c: In function ‘is_valid’:
test.c:245:5: error: ‘main’ is normally a non-static function [-Werror=main]
  245 | int main( int argc, char *argv[] ) {
      |     ^~~~
test.c:262:1: error: expected declaration or statement at end of input
  262 | }
      | ^
test.c:263: error: control reaches end of non-void function [-Werror=return-type]
At top level:
test.c:245:5: error: ‘main’ defined but not used [-Werror=unused-function]
  245 | int main( int argc, char *argv[] ) {
      |     ^~~~
test.c:7:8: error: ‘_strdup’ defined but not used [-Werror=unused-function]
    7 | char * _strdup(const char * str) {
      |        ^~~~~~~
cc1: all warnings being treated as errors
Compilation failed
17c7e89
Thu 04 May 2023 05:30:42 PM UTC: 
 sudoku.c | 2 +-
 1 file changed, 1 insertion(+), 1 deletion(-)
 tests:  5|3
total_score: 35/70
61c0fb1
Sat 06 May 2023 08:16:40 PM UTC: 
 sudoku.c | 17 ++++++++++++++++-
 1 file changed, 16 insertions(+), 1 deletion(-)
In file included from test.c:5:
sudoku.c: In function ‘is_valid’:
sudoku.c:83:11: error: unused variable ‘j’ [-Werror=unused-variable]
   83 |       int j=3*(k%3) + (p%3);
      |           ^
sudoku.c:82:11: error: unused variable ‘i’ [-Werror=unused-variable]
   82 |       int i=3*(k/3) + (p/3);
      |           ^
sudoku.c:79:9: error: unused variable ‘columnas’ [-Werror=unused-variable]
   79 |     int columnas[10] = {0, 0, 0, 0, 0, 0, 0, 0, 0};
      |         ^~~~~~~~
sudoku.c:78:9: error: unused variable ‘filas’ [-Werror=unused-variable]
   78 |     int filas[10] = {0, 0, 0, 0, 0, 0, 0, 0, 0};
      |         ^~~~~
cc1: all warnings being treated as errors
Compilation failed
830c236
Sat 06 May 2023 08:16:54 PM UTC: 
 sudoku.c | 4 ++--
 1 file changed, 2 insertions(+), 2 deletions(-)
In file included from test.c:5:
sudoku.c: In function ‘is_valid’:
sudoku.c:83:11: error: unused variable ‘j’ [-Werror=unused-variable]
   83 |       int j=3*(k%3) + (p%3);
      |           ^
sudoku.c:82:11: error: unused variable ‘i’ [-Werror=unused-variable]
   82 |       int i=3*(k/3) + (p/3);
      |           ^
cc1: all warnings being treated as errors
Compilation failed
6a1d2fd
Sat 06 May 2023 08:17:05 PM UTC: 
 sudoku.c | 4 ++--
 1 file changed, 2 insertions(+), 2 deletions(-)
 tests:  5|3
total_score: 35/70
e4e8cca
Sat 06 May 2023 08:26:00 PM UTC: 
 sudoku.c | 17 +++++++++++++----
 1 file changed, 13 insertions(+), 4 deletions(-)
 tests:  5|3
total_score: 35/70
d68b603
Sat 06 May 2023 08:36:44 PM UTC: 
 sudoku.c | 1 +
 1 file changed, 1 insertion(+)
 tests:  5|3
total_score: 35/70
2b3b0d8
Sat 06 May 2023 08:37:03 PM UTC: 
 sudoku.c | 2 +-
 1 file changed, 1 insertion(+), 1 deletion(-)
 tests:  0|0
e33934f
Sat 06 May 2023 08:37:15 PM UTC: 
 sudoku.c | 2 +-
 1 file changed, 1 insertion(+), 1 deletion(-)
 tests:  5|3
total_score: 35/70
4e5971a
Sat 06 May 2023 08:42:21 PM UTC: 
 sudoku.c | 2 +-
 1 file changed, 1 insertion(+), 1 deletion(-)
In file included from test.c:5:
sudoku.c: In function ‘get_adj_nodes’:
sudoku.c:117:37: error: ‘return’ with no value, in function returning non-void [-Werror=return-type]
  117 |               if (is_valid(n) == 0) return;
      |                                     ^~~~~~
sudoku.c:105:7: note: declared here
  105 | List* get_adj_nodes(Node* n){
      |       ^~~~~~~~~~~~~
cc1: all warnings being treated as errors
Compilation failed
bda0e3b
Sat 06 May 2023 08:42:30 PM UTC: 
 sudoku.c | 2 +-
 1 file changed, 1 insertion(+), 1 deletion(-)
 tests:  5|3
total_score: 35/70
4809cad
Sat 06 May 2023 08:52:31 PM UTC: 
 sudoku.c | 2 +-
 1 file changed, 1 insertion(+), 1 deletion(-)
 tests:  5|3
total_score: 35/70
1e45897
Sat 06 May 2023 08:55:07 PM UTC: 
 sudoku.c | 2 +-
 1 file changed, 1 insertion(+), 1 deletion(-)
 tests:  5|3
total_score: 35/70
cce7f34
Sat 06 May 2023 08:55:54 PM UTC: 
 sudoku.c | 3 ++-
 1 file changed, 2 insertions(+), 1 deletion(-)
 tests:  5|3
total_score: 35/70
304308b
Sat 06 May 2023 08:58:48 PM UTC: 
 sudoku.c | 10 +++++++++-
 1 file changed, 9 insertions(+), 1 deletion(-)
 tests:  6|2
total_score: 45/70
fbf7c0c
Sat 06 May 2023 09:07:15 PM UTC: 
 sudoku.c | 4 ++--
 1 file changed, 2 insertions(+), 2 deletions(-)
 tests:  6|2
total_score: 45/70
5cfdd65
Sat 06 May 2023 09:29:06 PM UTC: 
 sudoku.c | 11 ++++-------
 1 file changed, 4 insertions(+), 7 deletions(-)
test.c: In function ‘is_valid’:
test.c:245:5: error: ‘main’ is normally a non-static function [-Werror=main]
  245 | int main( int argc, char *argv[] ) {
      |     ^~~~
test.c:262:1: error: expected declaration or statement at end of input
  262 | }
      | ^
test.c:263: error: control reaches end of non-void function [-Werror=return-type]
At top level:
test.c:245:5: error: ‘main’ defined but not used [-Werror=unused-function]
  245 | int main( int argc, char *argv[] ) {
      |     ^~~~
test.c:7:8: error: ‘_strdup’ defined but not used [-Werror=unused-function]
    7 | char * _strdup(const char * str) {
      |        ^~~~~~~
cc1: all warnings being treated as errors
Compilation failed
98efbf5
Sat 06 May 2023 09:30:52 PM UTC: 
 sudoku.c | 7 +++----
 1 file changed, 3 insertions(+), 4 deletions(-)
 tests:  6|2
total_score: 45/70
eaee301
Sat 06 May 2023 09:33:39 PM UTC: 
 sudoku.c | 10 +++++++---
 1 file changed, 7 insertions(+), 3 deletions(-)
 tests:  1|4
total_score: 10/70
931f456
Sat 06 May 2023 09:37:09 PM UTC: 
 sudoku.c | 10 +++-------
 1 file changed, 3 insertions(+), 7 deletions(-)
 tests:  6|2
total_score: 45/70
14f3e3c
Sat 06 May 2023 09:59:55 PM UTC: 
 sudoku.c | 2 +-
 1 file changed, 1 insertion(+), 1 deletion(-)
 tests:  6|2
total_score: 45/70
93a5e78
Sat 06 May 2023 10:02:06 PM UTC: 
 sudoku.c | 9 ++-------
 1 file changed, 2 insertions(+), 7 deletions(-)
In file included from test.c:5:
sudoku.c: In function ‘is_valid’:
sudoku.c:82:13: error: ‘submatriz’ undeclared (first use in this function)
   82 |         if (submatriz[num] == 0) {
      |             ^~~~~~~~~
sudoku.c:82:13: note: each undeclared identifier is reported only once for each function it appears in
sudoku.c:89:9: error: unused variable ‘submatriz’ [-Werror=unused-variable]
   89 |     int submatriz[10] = {0, 0, 0, 0, 0, 0, 0, 0, 0};
      |         ^~~~~~~~~
cc1: all warnings being treated as errors
Compilation failed
e5bd161
Sat 06 May 2023 10:02:26 PM UTC: 
 sudoku.c | 2 +-
 1 file changed, 1 insertion(+), 1 deletion(-)
 tests:  6|2
total_score: 45/70
586d598
Sat 06 May 2023 10:16:17 PM UTC: 
 sudoku.c | 20 ++++++++++++++------
 1 file changed, 14 insertions(+), 6 deletions(-)
In file included from test.c:5:
sudoku.c: In function ‘get_adj_nodes’:
sudoku.c:120:8: error: ‘valid’ is used uninitialized [-Werror=uninitialized]
  120 |     if (!valid) {
      |        ^
cc1: all warnings being treated as errors
Compilation failed
0664d70
Sat 06 May 2023 10:16:37 PM UTC: 
 sudoku.c | 20 ++++++--------------
 1 file changed, 6 insertions(+), 14 deletions(-)
 tests:  6|2
total_score: 45/70
9da14c8
Sat 06 May 2023 10:22:01 PM UTC: 
 sudoku.c | 4 ----
 1 file changed, 4 deletions(-)
 tests:  6|2
total_score: 45/70
762cfe3
Sat 06 May 2023 10:27:23 PM UTC: 
 sudoku.c | 2 ++
 1 file changed, 2 insertions(+)
 tests:  6|2
total_score: 45/70
f24e703
Sat 06 May 2023 11:03:11 PM UTC: 
 sudoku.c | 4 ++--
 1 file changed, 2 insertions(+), 2 deletions(-)
 tests:  6|2
total_score: 45/70
28c8efe
Sat 06 May 2023 11:03:53 PM UTC: 
 sudoku.c | 8 ++++----
 1 file changed, 4 insertions(+), 4 deletions(-)
 tests:  6|2
total_score: 45/70
29e7c88
Sat 06 May 2023 11:09:35 PM UTC: 
 sudoku.c | 42 ------------------------------------------
 1 file changed, 42 deletions(-)
 tests:  3|3
total_score: 25/70
4658599
Sat 06 May 2023 11:17:35 PM UTC: 
 sudoku.c | 16 ++++++++++++++++
 1 file changed, 16 insertions(+)
 tests:  6|2
total_score: 45/70
7a52777
Sat 06 May 2023 11:20:18 PM UTC: 
 sudoku.c | 14 ++++++++++++++
 1 file changed, 14 insertions(+)
 tests:  6|2
total_score: 45/70
0beff1f
Sat 06 May 2023 11:20:37 PM UTC: 
 sudoku.c | 4 ++--
 1 file changed, 2 insertions(+), 2 deletions(-)
 tests:  6|2
total_score: 45/70
8bfba89
Sat 06 May 2023 11:20:58 PM UTC: 
 sudoku.c | 8 ++++----
 1 file changed, 4 insertions(+), 4 deletions(-)
 tests:  5|3
total_score: 35/70
c29e1fb
Sat 06 May 2023 11:21:29 PM UTC: 
 sudoku.c | 8 ++++----
 1 file changed, 4 insertions(+), 4 deletions(-)
 tests:  6|2
total_score: 45/70
74d1c41
